Determining if the pthread_create exist failed with the following output:
Change Dir: /home/codezen/ROSserver/rci_ws/build/CMakeFiles/CMakeTmp

Run Build Command:"/usr/bin/make" "cmTC_52aab/fast"
/usr/bin/make -f CMakeFiles/cmTC_52aab.dir/build.make CMakeFiles/cmTC_52aab.dir/build
make[1]: Entering directory '/home/codezen/ROSserver/rci_ws/build/CMakeFiles/CMakeTmp'
Building C object CMakeFiles/cmTC_52aab.dir/CheckSymbolExists.c.o
/usr/bin/cc    -o CMakeFiles/cmTC_52aab.dir/CheckSymbolExists.c.o   -c /home/codezen/ROSserver/rci_ws/build/CMakeFiles/CMakeTmp/CheckSymbolExists.c
Linking C executable cmTC_52aab
/usr/bin/cmake -E cmake_link_script CMakeFiles/cmTC_52aab.dir/link.txt --verbose=1
/usr/bin/cc      -rdynamic CMakeFiles/cmTC_52aab.dir/CheckSymbolExists.c.o  -o cmTC_52aab 
CMakeFiles/cmTC_52aab.dir/CheckSymbolExists.c.o: In function `main':
CheckSymbolExists.c:(.text+0x14): undefined reference to `pthread_create'
CheckSymbolExists.c:(.text+0x18): undefined reference to `pthread_create'
collect2: error: ld returned 1 exit status
CMakeFiles/cmTC_52aab.dir/build.make:97: recipe for target 'cmTC_52aab' failed
make[1]: *** [cmTC_52aab] Error 1
make[1]: Leaving directory '/home/codezen/ROSserver/rci_ws/build/CMakeFiles/CMakeTmp'
Makefile:126: recipe for target 'cmTC_52aab/fast' failed
make: *** [cmTC_52aab/fast] Error 2

File /home/codezen/ROSserver/rci_ws/build/CMakeFiles/CMakeTmp/CheckSymbolExists.c:
/* */
#include <pthread.h>

int main(int argc, char** argv)
{
  (void)argv;
#ifndef pthread_create
  return ((int*)(&pthread_create))[argc];
#else
  (void)argc;
  return 0;
#endif
}

Determining if the function pthread_create exists in the pthreads failed with the following output:
Change Dir: /home/codezen/ROSserver/rci_ws/build/CMakeFiles/CMakeTmp

Run Build Command:"/usr/bin/make" "cmTC_a7f3a/fast"
/usr/bin/make -f CMakeFiles/cmTC_a7f3a.dir/build.make CMakeFiles/cmTC_a7f3a.dir/build
make[1]: Entering directory '/home/codezen/ROSserver/rci_ws/build/CMakeFiles/CMakeTmp'
Building C object CMakeFiles/cmTC_a7f3a.dir/CheckFunctionExists.c.o
/usr/bin/cc   -DCHECK_FUNCTION_EXISTS=pthread_create   -o CMakeFiles/cmTC_a7f3a.dir/CheckFunctionExists.c.o   -c /usr/share/cmake-3.10/Modules/CheckFunctionExists.c
Linking C executable cmTC_a7f3a
/usr/bin/cmake -E cmake_link_script CMakeFiles/cmTC_a7f3a.dir/link.txt --verbose=1
/usr/bin/cc  -DCHECK_FUNCTION_EXISTS=pthread_create    -rdynamic CMakeFiles/cmTC_a7f3a.dir/CheckFunctionExists.c.o  -o cmTC_a7f3a -lpthreads 
/usr/bin/ld: cannot find -lpthreads
collect2: error: ld returned 1 exit status
CMakeFiles/cmTC_a7f3a.dir/build.make:97: recipe for target 'cmTC_a7f3a' failed
make[1]: *** [cmTC_a7f3a] Error 1
make[1]: Leaving directory '/home/codezen/ROSserver/rci_ws/build/CMakeFiles/CMakeTmp'
Makefile:126: recipe for target 'cmTC_a7f3a/fast' failed
make: *** [cmTC_a7f3a/fast] Error 2


